GROUP,PACKAGE,CLASS,INSTRUCTION_MISSED,INSTRUCTION_COVERED,BRANCH_MISSED,BRANCH_COVERED,LINE_MISSED,LINE_COVERED,COMPLEXITY_MISSED,COMPLEXITY_COVERED,METHOD_MISSED,METHOD_COVERED
Bandeau_Enonce,bandeau,ExempleDUtilisation,52,0,0,0,13,0,3,0,3,0
Bandeau_Enonce,bandeau,TypeEffect,9,0,0,0,4,0,1,0,1,0
Bandeau_Enonce,bandeau,Bandeau.new Runnable() {...},35,0,0,0,7,0,2,0,2,0
Bandeau_Enonce,bandeau,LettreOneByOne,79,0,6,0,13,0,5,0,2,0
Bandeau_Enonce,bandeau,RotationZoom,40,0,2,0,9,0,4,0,3,0
Bandeau_Enonce,bandeau,Bandeau,63,0,0,0,21,0,12,0,12,0
Bandeau_Enonce,bandeau,Rainbow,59,0,0,0,18,0,2,0,2,0
Bandeau_Enonce,bandeau,Bandeau.BannerPanel,161,0,0,0,46,0,11,0,11,0
Bandeau_Enonce,bandeau,Scenario,31,0,2,0,10,0,5,0,4,0
